<?xml version="1.0" encoding="UTF-8"?>
<!-- Generated by org.testng.reporters.JUnitReportReporter -->
<testsuite skipped="0" hostname="BDC4-L-GZFTFH2" name="scripts.TestInvalidlogin" tests="1" failures="0" timestamp="03 Dec 2017 08:13:58 GMT" time="17.504" errors="0">
  <testcase name="testInvalidLogin" time="17.504" classname="scripts.TestInvalidlogin"/>
</testsuite> <!-- scripts.TestInvalidlogin -->
