<?xml version="1.0" encoding="UTF-8"?>
<!-- Generated by org.testng.reporters.JUnitReportReporter -->
<testsuite skipped="0" hostname="BDC4-L-GZFTFH2" name="scripts.TestLogin" tests="1" failures="0" timestamp="10 Dec 2017 04:53:46 GMT" time="11.910" errors="0">
  <testcase name="testLogin" time="11.910" classname="scripts.TestLogin"/>
</testsuite> <!-- scripts.TestLogin -->
